<?xml version="1.0" encoding="UTF-8"?>
<coverage generated="1672885486691" clover="3.2.0">
  <project timestamp="1672885486692" name="All files">
    <metrics statements="57" coveredstatements="53" conditionals="12" coveredconditionals="7" methods="15" coveredmethods="11" elements="84" coveredelements="71" complexity="0" loc="57" ncloc="57" packages="1" files="4" classes="4"/>
    <file name="app.js" path="/home/meyburdj/rithm/exercises/ExpressShoppingList/app.js">
      <metrics statements="15" coveredstatements="14" conditionals="4" coveredconditionals="2" methods="2" coveredmethods="1"/>
      <line num="3" count="1" type="stmt"/>
      <line num="4" count="1" type="stmt"/>
      <line num="5" count="1" type="stmt"/>
      <line num="8" count="1" type="stmt"/>
      <line num="11" count="1" type="stmt"/>
      <line num="14" count="1" type="stmt"/>
      <line num="21" count="1" type="stmt"/>
      <line num="33" count="1" type="stmt"/>
      <line num="34" count="0" type="stmt"/>
      <line num="38" count="1" type="stmt"/>
      <line num="39" count="2" type="cond" truecount="1" falsecount="1"/>
      <line num="40" count="2" type="stmt"/>
      <line num="41" count="2" type="cond" truecount="1" falsecount="1"/>
      <line num="42" count="2" type="stmt"/>
      <line num="47" count="1" type="stmt"/>
    </file>
    <file name="expressError.js" path="/home/meyburdj/rithm/exercises/ExpressShoppingList/expressError.js">
      <metrics statements="8" coveredstatements="5" conditionals="4" coveredconditionals="1" methods="5" coveredmethods="2"/>
      <line num="9" count="2" type="stmt"/>
      <line num="10" count="2" type="stmt"/>
      <line num="11" count="2" type="stmt"/>
      <line num="19" count="2" type="stmt"/>
      <line num="27" count="0" type="stmt"/>
      <line num="35" count="0" type="stmt"/>
      <line num="43" count="0" type="stmt"/>
      <line num="47" count="1" type="stmt"/>
    </file>
    <file name="fakeDb.js" path="/home/meyburdj/rithm/exercises/ExpressShoppingList/fakeDb.js">
      <metrics statements="2" coveredstatements="2" conditionals="0" coveredconditionals="0" methods="0" coveredmethods="0"/>
      <line num="1" count="1" type="stmt"/>
      <line num="3" count="1" type="stmt"/>
    </file>
    <file name="itemsRoute.js" path="/home/meyburdj/rithm/exercises/ExpressShoppingList/itemsRoute.js">
      <metrics statements="32" coveredstatements="32" conditionals="4" coveredconditionals="4" methods="8" coveredmethods="8"/>
      <line num="1" count="1" type="stmt"/>
      <line num="3" count="1" type="stmt"/>
      <line num="4" count="1" type="stmt"/>
      <line num="5" count="1" type="stmt"/>
      <line num="7" count="1" type="stmt"/>
      <line num="8" count="1" type="stmt"/>
      <line num="9" count="1" type="stmt"/>
      <line num="12" count="1" type="stmt"/>
      <line num="13" count="1" type="stmt"/>
      <line num="14" count="1" type="stmt"/>
      <line num="15" count="1" type="stmt"/>
      <line num="16" count="1" type="stmt"/>
      <line num="19" count="1" type="stmt"/>
      <line num="20" count="2" type="stmt"/>
      <line num="21" count="2" type="stmt"/>
      <line num="22" count="2" type="cond" truecount="2" falsecount="0"/>
      <line num="23" count="1" type="stmt"/>
      <line num="26" count="1" type="stmt"/>
      <line num="27" count="2" type="stmt"/>
      <line num="28" count="2" type="stmt"/>
      <line num="29" count="2" type="cond" truecount="2" falsecount="0"/>
      <line num="30" count="1" type="stmt"/>
      <line num="31" count="1" type="stmt"/>
      <line num="32" count="1" type="stmt"/>
      <line num="33" count="1" type="stmt"/>
      <line num="34" count="1" type="stmt"/>
      <line num="38" count="1" type="stmt"/>
      <line num="39" count="1" type="stmt"/>
      <line num="41" count="1" type="stmt"/>
      <line num="42" count="1" type="stmt"/>
      <line num="44" count="1" type="stmt"/>
      <line num="49" count="1" type="stmt"/>
    </file>
  </project>
</coverage>
