{"/home/meyburdj/rithm/exercises/ExpressShoppingList/app.js": {"path":"/home/meyburdj/rithm/exercises/ExpressShoppingList/app.js","statementMap":{"0":{"start":{"line":3,"column":16},"end":{"line":3,"column":34}},"1":{"start":{"line":4,"column":12},"end":{"line":4,"column":21}},"2":{"start":{"line":5,"column":20},"end":{"line":5,"column":43}},"3":{"start":{"line":8,"column":26},"end":{"line":8,"column":51}},"4":{"start":{"line":11,"column":0},"end":{"line":11,"column":24}},"5":{"start":{"line":14,"column":0},"end":{"line":14,"column":30}},"6":{"start":{"line":21,"column":0},"end":{"line":21,"column":30}},"7":{"start":{"line":33,"column":0},"end":{"line":35,"column":3}},"8":{"start":{"line":34,"column":4},"end":{"line":34,"column":30}},"9":{"start":{"line":38,"column":0},"end":{"line":43,"column":3}},"10":{"start":{"line":39,"column":19},"end":{"line":39,"column":36}},"11":{"start":{"line":40,"column":20},"end":{"line":40,"column":31}},"12":{"start":{"line":41,"column":4},"end":{"line":41,"column":74}},"13":{"start":{"line":41,"column":41},"end":{"line":41,"column":74}},"14":{"start":{"line":42,"column":4},"end":{"line":42,"column":67}},"15":{"start":{"line":47,"column":0},"end":{"line":47,"column":21}}},"fnMap":{"0":{"name":"(anonymous_0)","decl":{"start":{"line":33,"column":8},"end":{"line":33,"column":9}},"loc":{"start":{"line":33,"column":28},"end":{"line":35,"column":1}},"line":33},"1":{"name":"(anonymous_1)","decl":{"start":{"line":38,"column":8},"end":{"line":38,"column":9}},"loc":{"start":{"line":38,"column":39},"end":{"line":43,"column":1}},"line":38}},"branchMap":{"0":{"loc":{"start":{"line":39,"column":19},"end":{"line":39,"column":36}},"type":"binary-expr","locations":[{"start":{"line":39,"column":19},"end":{"line":39,"column":29}},{"start":{"line":39,"column":33},"end":{"line":39,"column":36}}],"line":39},"1":{"loc":{"start":{"line":41,"column":4},"end":{"line":41,"column":74}},"type":"if","locations":[{"start":{"line":41,"column":4},"end":{"line":41,"column":74}},{"start":{},"end":{}}],"line":41}},"s":{"0":1,"1":1,"2":1,"3":1,"4":1,"5":1,"6":1,"7":1,"8":0,"9":1,"10":2,"11":2,"12":2,"13":0,"14":2,"15":1},"f":{"0":0,"1":2},"b":{"0":[2,0],"1":[0,2]},"_coverageSchema":"1a1c01bbd47fc00a2c39e90264f33305004495a9","hash":"5f7e6c4872875aacb4a0b32bc4eebdc00f65cfbb"}
,"/home/meyburdj/rithm/exercises/ExpressShoppingList/expressError.js": {"path":"/home/meyburdj/rithm/exercises/ExpressShoppingList/expressError.js","statementMap":{"0":{"start":{"line":9,"column":8},"end":{"line":9,"column":16}},"1":{"start":{"line":10,"column":8},"end":{"line":10,"column":31}},"2":{"start":{"line":11,"column":8},"end":{"line":11,"column":29}},"3":{"start":{"line":19,"column":8},"end":{"line":19,"column":28}},"4":{"start":{"line":27,"column":8},"end":{"line":27,"column":28}},"5":{"start":{"line":35,"column":8},"end":{"line":35,"column":28}},"6":{"start":{"line":43,"column":8},"end":{"line":43,"column":28}},"7":{"start":{"line":47,"column":0},"end":{"line":53,"column":2}}},"fnMap":{"0":{"name":"(anonymous_0)","decl":{"start":{"line":8,"column":4},"end":{"line":8,"column":5}},"loc":{"start":{"line":8,"column":33},"end":{"line":12,"column":5}},"line":8},"1":{"name":"(anonymous_1)","decl":{"start":{"line":18,"column":4},"end":{"line":18,"column":5}},"loc":{"start":{"line":18,"column":39},"end":{"line":20,"column":5}},"line":18},"2":{"name":"(anonymous_2)","decl":{"start":{"line":26,"column":4},"end":{"line":26,"column":5}},"loc":{"start":{"line":26,"column":42},"end":{"line":28,"column":5}},"line":26},"3":{"name":"(anonymous_3)","decl":{"start":{"line":34,"column":4},"end":{"line":34,"column":5}},"loc":{"start":{"line":34,"column":41},"end":{"line":36,"column":5}},"line":34},"4":{"name":"(anonymous_4)","decl":{"start":{"line":42,"column":4},"end":{"line":42,"column":5}},"loc":{"start":{"line":42,"column":41},"end":{"line":44,"column":5}},"line":42}},"branchMap":{"0":{"loc":{"start":{"line":18,"column":16},"end":{"line":18,"column":37}},"type":"default-arg","locations":[{"start":{"line":18,"column":26},"end":{"line":18,"column":37}}],"line":18},"1":{"loc":{"start":{"line":26,"column":16},"end":{"line":26,"column":40}},"type":"default-arg","locations":[{"start":{"line":26,"column":26},"end":{"line":26,"column":40}}],"line":26},"2":{"loc":{"start":{"line":34,"column":16},"end":{"line":34,"column":39}},"type":"default-arg","locations":[{"start":{"line":34,"column":26},"end":{"line":34,"column":39}}],"line":34},"3":{"loc":{"start":{"line":42,"column":16},"end":{"line":42,"column":39}},"type":"default-arg","locations":[{"start":{"line":42,"column":26},"end":{"line":42,"column":39}}],"line":42}},"s":{"0":2,"1":2,"2":2,"3":2,"4":0,"5":0,"6":0,"7":1},"f":{"0":2,"1":2,"2":0,"3":0,"4":0},"b":{"0":[2],"1":[0],"2":[0],"3":[0]},"_coverageSchema":"1a1c01bbd47fc00a2c39e90264f33305004495a9","hash":"63d6d068abf51efd9e293a129d1a66a417792e6f"}
,"/home/meyburdj/rithm/exercises/ExpressShoppingList/fakeDb.js": {"path":"/home/meyburdj/rithm/exercises/ExpressShoppingList/fakeDb.js","statementMap":{"0":{"start":{"line":1,"column":14},"end":{"line":1,"column":16}},"1":{"start":{"line":3,"column":0},"end":{"line":3,"column":27}}},"fnMap":{},"branchMap":{},"s":{"0":1,"1":1},"f":{},"b":{},"_coverageSchema":"1a1c01bbd47fc00a2c39e90264f33305004495a9","hash":"076b82736288eb162b4eb5bc5d96e3f19ec1d37d"}
,"/home/meyburdj/rithm/exercises/ExpressShoppingList/itemsRoute.js": {"path":"/home/meyburdj/rithm/exercises/ExpressShoppingList/itemsRoute.js","statementMap":{"0":{"start":{"line":1,"column":16},"end":{"line":1,"column":34}},"1":{"start":{"line":3,"column":11},"end":{"line":3,"column":30}},"2":{"start":{"line":4,"column":26},"end":{"line":4,"column":51}},"3":{"start":{"line":5,"column":15},"end":{"line":5,"column":35}},"4":{"start":{"line":7,"column":0},"end":{"line":10,"column":3}},"5":{"start":{"line":8,"column":16},"end":{"line":8,"column":24}},"6":{"start":{"line":9,"column":2},"end":{"line":9,"column":29}},"7":{"start":{"line":12,"column":0},"end":{"line":17,"column":3}},"8":{"start":{"line":13,"column":18},"end":{"line":13,"column":64}},"9":{"start":{"line":14,"column":2},"end":{"line":14,"column":25}},"10":{"start":{"line":15,"column":21},"end":{"line":15,"column":50}},"11":{"start":{"line":16,"column":2},"end":{"line":16,"column":52}},"12":{"start":{"line":19,"column":0},"end":{"line":24,"column":2}},"13":{"start":{"line":20,"column":20},"end":{"line":20,"column":77}},"14":{"start":{"line":20,"column":47},"end":{"line":20,"column":76}},"15":{"start":{"line":21,"column":15},"end":{"line":21,"column":34}},"16":{"start":{"line":22,"column":2},"end":{"line":22,"column":55}},"17":{"start":{"line":22,"column":28},"end":{"line":22,"column":53}},"18":{"start":{"line":23,"column":2},"end":{"line":23,"column":27}},"19":{"start":{"line":26,"column":0},"end":{"line":35,"column":2}},"20":{"start":{"line":27,"column":28},"end":{"line":27,"column":85}},"21":{"start":{"line":27,"column":55},"end":{"line":27,"column":84}},"22":{"start":{"line":28,"column":23},"end":{"line":28,"column":50}},"23":{"start":{"line":29,"column":2},"end":{"line":29,"column":63}},"24":{"start":{"line":29,"column":36},"end":{"line":29,"column":61}},"25":{"start":{"line":30,"column":22},"end":{"line":30,"column":35}},"26":{"start":{"line":31,"column":23},"end":{"line":31,"column":37}},"27":{"start":{"line":32,"column":2},"end":{"line":32,"column":34}},"28":{"start":{"line":33,"column":2},"end":{"line":33,"column":36}},"29":{"start":{"line":34,"column":2},"end":{"line":34,"column":35}},"30":{"start":{"line":38,"column":0},"end":{"line":45,"column":2}},"31":{"start":{"line":39,"column":18},"end":{"line":39,"column":27}},"32":{"start":{"line":41,"column":28},"end":{"line":41,"column":85}},"33":{"start":{"line":41,"column":55},"end":{"line":41,"column":84}},"34":{"start":{"line":42,"column":2},"end":{"line":42,"column":39}},"35":{"start":{"line":44,"column":2},"end":{"line":44,"column":30}},"36":{"start":{"line":49,"column":0},"end":{"line":49,"column":24}}},"fnMap":{"0":{"name":"(anonymous_0)","decl":{"start":{"line":7,"column":16},"end":{"line":7,"column":17}},"loc":{"start":{"line":7,"column":36},"end":{"line":10,"column":1}},"line":7},"1":{"name":"(anonymous_1)","decl":{"start":{"line":12,"column":17},"end":{"line":12,"column":18}},"loc":{"start":{"line":12,"column":37},"end":{"line":17,"column":1}},"line":12},"2":{"name":"(anonymous_2)","decl":{"start":{"line":19,"column":21},"end":{"line":19,"column":22}},"loc":{"start":{"line":19,"column":41},"end":{"line":24,"column":1}},"line":19},"3":{"name":"(anonymous_3)","decl":{"start":{"line":20,"column":39},"end":{"line":20,"column":40}},"loc":{"start":{"line":20,"column":47},"end":{"line":20,"column":76}},"line":20},"4":{"name":"(anonymous_4)","decl":{"start":{"line":26,"column":23},"end":{"line":26,"column":24}},"loc":{"start":{"line":26,"column":43},"end":{"line":35,"column":1}},"line":26},"5":{"name":"(anonymous_5)","decl":{"start":{"line":27,"column":47},"end":{"line":27,"column":48}},"loc":{"start":{"line":27,"column":55},"end":{"line":27,"column":84}},"line":27},"6":{"name":"(anonymous_6)","decl":{"start":{"line":38,"column":24},"end":{"line":38,"column":25}},"loc":{"start":{"line":38,"column":44},"end":{"line":45,"column":1}},"line":38},"7":{"name":"(anonymous_7)","decl":{"start":{"line":41,"column":47},"end":{"line":41,"column":48}},"loc":{"start":{"line":41,"column":55},"end":{"line":41,"column":84}},"line":41}},"branchMap":{"0":{"loc":{"start":{"line":22,"column":2},"end":{"line":22,"column":55}},"type":"if","locations":[{"start":{"line":22,"column":2},"end":{"line":22,"column":55}},{"start":{},"end":{}}],"line":22},"1":{"loc":{"start":{"line":29,"column":2},"end":{"line":29,"column":63}},"type":"if","locations":[{"start":{"line":29,"column":2},"end":{"line":29,"column":63}},{"start":{},"end":{}}],"line":29}},"s":{"0":1,"1":1,"2":1,"3":1,"4":1,"5":1,"6":1,"7":1,"8":1,"9":1,"10":1,"11":1,"12":1,"13":2,"14":2,"15":2,"16":2,"17":1,"18":1,"19":1,"20":2,"21":2,"22":2,"23":2,"24":1,"25":1,"26":1,"27":1,"28":1,"29":1,"30":1,"31":1,"32":1,"33":1,"34":1,"35":1,"36":1},"f":{"0":1,"1":1,"2":2,"3":2,"4":2,"5":2,"6":1,"7":1},"b":{"0":[1,1],"1":[1,1]},"_coverageSchema":"1a1c01bbd47fc00a2c39e90264f33305004495a9","hash":"8b0bbc416aeffde86a6d1d353f7522b543762aae"}
}
